{"/home/nxn_404/code/To-Do list/To-Do-list/modules/DOMelements.js": {"path":"/home/nxn_404/code/To-Do list/To-Do-list/modules/DOMelements.js","statementMap":{"0":{"start":{"line":2,"column":20},"end":{"line":2,"column":50}},"1":{"start":{"line":3,"column":21},"end":{"line":3,"column":52}},"2":{"start":{"line":4,"column":20},"end":{"line":4,"column":48}}},"fnMap":{},"branchMap":{},"s":{"0":1,"1":1,"2":1},"f":{},"b":{},"_coverageSchema":"1a1c01bbd47fc00a2c39e90264f33305004495a9","hash":"aa6764904ac2e4f3faedd6bfeccdee412b2b5b9f"}
,"/home/nxn_404/code/To-Do list/To-Do-list/modules/checkboxFunction.js": {"path":"/home/nxn_404/code/To-Do list/To-Do-list/modules/checkboxFunction.js","statementMap":{"0":{"start":{"line":1,"column":36},"end":{"line":1,"column":83}},"1":{"start":{"line":3,"column":2},"end":{"line":5,"column":5}},"2":{"start":{"line":4,"column":4},"end":{"line":4,"column":26}}},"fnMap":{"0":{"name":"clearCompletedEvent","decl":{"start":{"line":2,"column":16},"end":{"line":2,"column":35}},"loc":{"start":{"line":2,"column":38},"end":{"line":6,"column":1}},"line":2},"1":{"name":"(anonymous_1)","decl":{"start":{"line":3,"column":49},"end":{"line":3,"column":50}},"loc":{"start":{"line":3,"column":55},"end":{"line":5,"column":3}},"line":3}},"branchMap":{},"s":{"0":1,"1":0,"2":0},"f":{"0":0,"1":0},"b":{},"_coverageSchema":"1a1c01bbd47fc00a2c39e90264f33305004495a9","hash":"a54cc31ad663563bfface0bb5b17ec0b594e354f"}
,"/home/nxn_404/code/To-Do list/To-Do-list/modules/class.js": {"path":"/home/nxn_404/code/To-Do list/To-Do-list/modules/class.js","statementMap":{"0":{"start":{"line":6,"column":4},"end":{"line":6,"column":65}},"1":{"start":{"line":7,"column":4},"end":{"line":7,"column":47}},"2":{"start":{"line":8,"column":4},"end":{"line":8,"column":49}},"3":{"start":{"line":9,"column":4},"end":{"line":9,"column":45}},"4":{"start":{"line":13,"column":20},"end":{"line":17,"column":5}},"5":{"start":{"line":18,"column":4},"end":{"line":18,"column":29}},"6":{"start":{"line":19,"column":4},"end":{"line":19,"column":16}},"7":{"start":{"line":23,"column":4},"end":{"line":23,"column":32}},"8":{"start":{"line":24,"column":4},"end":{"line":24,"column":23}},"9":{"start":{"line":25,"column":4},"end":{"line":25,"column":16}},"10":{"start":{"line":29,"column":4},"end":{"line":29,"column":51}},"11":{"start":{"line":30,"column":4},"end":{"line":30,"column":16}},"12":{"start":{"line":34,"column":4},"end":{"line":36,"column":7}},"13":{"start":{"line":35,"column":6},"end":{"line":35,"column":29}},"14":{"start":{"line":37,"column":4},"end":{"line":37,"column":29}},"15":{"start":{"line":41,"column":4},"end":{"line":41,"column":62}},"16":{"start":{"line":45,"column":4},"end":{"line":45,"column":24}},"17":{"start":{"line":46,"column":4},"end":{"line":82,"column":7}},"18":{"start":{"line":47,"column":20},"end":{"line":47,"column":51}},"19":{"start":{"line":48,"column":6},"end":{"line":48,"column":45}},"20":{"start":{"line":49,"column":6},"end":{"line":49,"column":37}},"21":{"start":{"line":50,"column":6},"end":{"line":54,"column":9}},"22":{"start":{"line":51,"column":22},"end":{"line":51,"column":71}},"23":{"start":{"line":52,"column":8},"end":{"line":52,"column":55}},"24":{"start":{"line":53,"column":8},"end":{"line":53,"column":20}},"25":{"start":{"line":55,"column":26},"end":{"line":55,"column":56}},"26":{"start":{"line":56,"column":6},"end":{"line":56,"column":47}},"27":{"start":{"line":57,"column":6},"end":{"line":57,"column":41}},"28":{"start":{"line":58,"column":6},"end":{"line":62,"column":9}},"29":{"start":{"line":59,"column":22},"end":{"line":59,"column":71}},"30":{"start":{"line":60,"column":8},"end":{"line":60,"column":51}},"31":{"start":{"line":61,"column":8},"end":{"line":61,"column":22}},"32":{"start":{"line":63,"column":17},"end":{"line":63,"column":45}},"33":{"start":{"line":64,"column":19},"end":{"line":64,"column":48}},"34":{"start":{"line":65,"column":6},"end":{"line":65,"column":30}},"35":{"start":{"line":66,"column":6},"end":{"line":66,"column":36}},"36":{"start":{"line":67,"column":6},"end":{"line":67,"column":32}},"37":{"start":{"line":68,"column":6},"end":{"line":68,"column":79}},"38":{"start":{"line":69,"column":6},"end":{"line":75,"column":9}},"39":{"start":{"line":70,"column":8},"end":{"line":70,"column":28}},"40":{"start":{"line":71,"column":8},"end":{"line":71,"column":27}},"41":{"start":{"line":72,"column":22},"end":{"line":72,"column":78}},"42":{"start":{"line":73,"column":8},"end":{"line":73,"column":31}},"43":{"start":{"line":74,"column":8},"end":{"line":74,"column":22}},"44":{"start":{"line":76,"column":6},"end":{"line":76,"column":28}},"45":{"start":{"line":77,"column":6},"end":{"line":77,"column":34}},"46":{"start":{"line":78,"column":6},"end":{"line":78,"column":27}},"47":{"start":{"line":79,"column":6},"end":{"line":79,"column":52}},"48":{"start":{"line":80,"column":6},"end":{"line":80,"column":55}},"49":{"start":{"line":81,"column":6},"end":{"line":81,"column":27}},"50":{"start":{"line":86,"column":4},"end":{"line":86,"column":62}},"51":{"start":{"line":86,"column":45},"end":{"line":86,"column":60}},"52":{"start":{"line":87,"column":4},"end":{"line":87,"column":23}},"53":{"start":{"line":88,"column":4},"end":{"line":88,"column":16}},"54":{"start":{"line":89,"column":4},"end":{"line":89,"column":18}},"55":{"start":{"line":93,"column":4},"end":{"line":98,"column":7}},"56":{"start":{"line":94,"column":6},"end":{"line":94,"column":25}},"57":{"start":{"line":95,"column":6},"end":{"line":95,"column":32}},"58":{"start":{"line":96,"column":6},"end":{"line":96,"column":23}},"59":{"start":{"line":97,"column":6},"end":{"line":97,"column":20}},"60":{"start":{"line":100,"column":4},"end":{"line":100,"column":35}},"61":{"start":{"line":104,"column":4},"end":{"line":104,"column":22}},"62":{"start":{"line":105,"column":4},"end":{"line":105,"column":18}}},"fnMap":{"0":{"name":"(anonymous_0)","decl":{"start":{"line":5,"column":2},"end":{"line":5,"column":3}},"loc":{"start":{"line":5,"column":16},"end":{"line":10,"column":3}},"line":5},"1":{"name":"(anonymous_1)","decl":{"start":{"line":12,"column":2},"end":{"line":12,"column":3}},"loc":{"start":{"line":12,"column":27},"end":{"line":20,"column":3}},"line":12},"2":{"name":"(anonymous_2)","decl":{"start":{"line":22,"column":2},"end":{"line":22,"column":3}},"loc":{"start":{"line":22,"column":20},"end":{"line":26,"column":3}},"line":22},"3":{"name":"(anonymous_3)","decl":{"start":{"line":28,"column":2},"end":{"line":28,"column":3}},"loc":{"start":{"line":28,"column":34},"end":{"line":31,"column":3}},"line":28},"4":{"name":"(anonymous_4)","decl":{"start":{"line":33,"column":2},"end":{"line":33,"column":3}},"loc":{"start":{"line":33,"column":16},"end":{"line":38,"column":3}},"line":33},"5":{"name":"(anonymous_5)","decl":{"start":{"line":34,"column":23},"end":{"line":34,"column":24}},"loc":{"start":{"line":34,"column":40},"end":{"line":36,"column":5}},"line":34},"6":{"name":"(anonymous_6)","decl":{"start":{"line":40,"column":2},"end":{"line":40,"column":3}},"loc":{"start":{"line":40,"column":9},"end":{"line":42,"column":3}},"line":40},"7":{"name":"(anonymous_7)","decl":{"start":{"line":44,"column":2},"end":{"line":44,"column":3}},"loc":{"start":{"line":44,"column":11},"end":{"line":83,"column":3}},"line":44},"8":{"name":"(anonymous_8)","decl":{"start":{"line":46,"column":23},"end":{"line":46,"column":24}},"loc":{"start":{"line":46,"column":33},"end":{"line":82,"column":5}},"line":46},"9":{"name":"(anonymous_9)","decl":{"start":{"line":50,"column":39},"end":{"line":50,"column":40}},"loc":{"start":{"line":50,"column":46},"end":{"line":54,"column":7}},"line":50},"10":{"name":"(anonymous_10)","decl":{"start":{"line":58,"column":43},"end":{"line":58,"column":44}},"loc":{"start":{"line":58,"column":50},"end":{"line":62,"column":7}},"line":58},"11":{"name":"(anonymous_11)","decl":{"start":{"line":69,"column":37},"end":{"line":69,"column":38}},"loc":{"start":{"line":69,"column":44},"end":{"line":75,"column":7}},"line":69},"12":{"name":"(anonymous_12)","decl":{"start":{"line":85,"column":2},"end":{"line":85,"column":3}},"loc":{"start":{"line":85,"column":19},"end":{"line":90,"column":3}},"line":85},"13":{"name":"(anonymous_13)","decl":{"start":{"line":86,"column":35},"end":{"line":86,"column":36}},"loc":{"start":{"line":86,"column":45},"end":{"line":86,"column":60}},"line":86},"14":{"name":"(anonymous_14)","decl":{"start":{"line":92,"column":2},"end":{"line":92,"column":3}},"loc":{"start":{"line":92,"column":15},"end":{"line":101,"column":3}},"line":92},"15":{"name":"(anonymous_15)","decl":{"start":{"line":93,"column":36},"end":{"line":93,"column":37}},"loc":{"start":{"line":93,"column":43},"end":{"line":98,"column":5}},"line":93},"16":{"name":"(anonymous_16)","decl":{"start":{"line":103,"column":2},"end":{"line":103,"column":3}},"loc":{"start":{"line":103,"column":9},"end":{"line":106,"column":3}},"line":103}},"branchMap":{"0":{"loc":{"start":{"line":6,"column":17},"end":{"line":6,"column":64}},"type":"binary-expr","locations":[{"start":{"line":6,"column":17},"end":{"line":6,"column":58}},{"start":{"line":6,"column":62},"end":{"line":6,"column":64}}],"line":6}},"s":{"0":2,"1":2,"2":2,"3":2,"4":3,"5":3,"6":3,"7":1,"8":1,"9":1,"10":0,"11":0,"12":4,"13":2,"14":4,"15":4,"16":0,"17":0,"18":0,"19":0,"20":0,"21":0,"22":0,"23":0,"24":0,"25":0,"26":0,"27":0,"28":0,"29":0,"30":0,"31":0,"32":0,"33":0,"34":0,"35":0,"36":0,"37":0,"38":0,"39":0,"40":0,"41":0,"42":0,"43":0,"44":0,"45":0,"46":0,"47":0,"48":0,"49":0,"50":0,"51":0,"52":0,"53":0,"54":0,"55":0,"56":0,"57":0,"58":0,"59":0,"60":0,"61":0,"62":0},"f":{"0":2,"1":3,"2":1,"3":0,"4":4,"5":2,"6":4,"7":0,"8":0,"9":0,"10":0,"11":0,"12":0,"13":0,"14":0,"15":0,"16":0},"b":{"0":[2,2]},"_coverageSchema":"1a1c01bbd47fc00a2c39e90264f33305004495a9","hash":"725045893e89b7c16ab9b61105878a43549673d9"}
}
