{"/home/nxn_404/code/To-Do list/To-Do-list/modules/DOMelements.js": {"path":"/home/nxn_404/code/To-Do list/To-Do-list/modules/DOMelements.js","statementMap":{"0":{"start":{"line":2,"column":20},"end":{"line":2,"column":50}},"1":{"start":{"line":3,"column":21},"end":{"line":3,"column":52}},"2":{"start":{"line":4,"column":20},"end":{"line":4,"column":48}}},"fnMap":{},"branchMap":{},"s":{"0":1,"1":1,"2":1},"f":{},"b":{},"_coverageSchema":"1a1c01bbd47fc00a2c39e90264f33305004495a9","hash":"aa6764904ac2e4f3faedd6bfeccdee412b2b5b9f"}
,"/home/nxn_404/code/To-Do list/To-Do-list/modules/checkboxFunction.js": {"path":"/home/nxn_404/code/To-Do list/To-Do-list/modules/checkboxFunction.js","statementMap":{"0":{"start":{"line":1,"column":36},"end":{"line":1,"column":83}},"1":{"start":{"line":3,"column":2},"end":{"line":5,"column":5}},"2":{"start":{"line":4,"column":4},"end":{"line":4,"column":26}}},"fnMap":{"0":{"name":"clearCompletedEvent","decl":{"start":{"line":2,"column":16},"end":{"line":2,"column":35}},"loc":{"start":{"line":2,"column":38},"end":{"line":6,"column":1}},"line":2},"1":{"name":"(anonymous_1)","decl":{"start":{"line":3,"column":49},"end":{"line":3,"column":50}},"loc":{"start":{"line":3,"column":55},"end":{"line":5,"column":3}},"line":3}},"branchMap":{},"s":{"0":1,"1":0,"2":0},"f":{"0":0,"1":0},"b":{},"_coverageSchema":"1a1c01bbd47fc00a2c39e90264f33305004495a9","hash":"a54cc31ad663563bfface0bb5b17ec0b594e354f"}
,"/home/nxn_404/code/To-Do list/To-Do-list/modules/class.js": {"path":"/home/nxn_404/code/To-Do list/To-Do-list/modules/class.js","statementMap":{"0":{"start":{"line":6,"column":4},"end":{"line":6,"column":65}},"1":{"start":{"line":10,"column":20},"end":{"line":14,"column":5}},"2":{"start":{"line":15,"column":4},"end":{"line":15,"column":29}},"3":{"start":{"line":16,"column":4},"end":{"line":16,"column":16}},"4":{"start":{"line":20,"column":4},"end":{"line":20,"column":32}},"5":{"start":{"line":21,"column":4},"end":{"line":21,"column":23}},"6":{"start":{"line":22,"column":4},"end":{"line":22,"column":16}},"7":{"start":{"line":26,"column":4},"end":{"line":26,"column":51}},"8":{"start":{"line":27,"column":4},"end":{"line":27,"column":16}},"9":{"start":{"line":31,"column":4},"end":{"line":33,"column":7}},"10":{"start":{"line":32,"column":6},"end":{"line":32,"column":29}},"11":{"start":{"line":34,"column":4},"end":{"line":34,"column":29}},"12":{"start":{"line":38,"column":4},"end":{"line":38,"column":62}},"13":{"start":{"line":42,"column":4},"end":{"line":42,"column":24}},"14":{"start":{"line":43,"column":4},"end":{"line":79,"column":7}},"15":{"start":{"line":44,"column":20},"end":{"line":44,"column":51}},"16":{"start":{"line":45,"column":6},"end":{"line":45,"column":45}},"17":{"start":{"line":46,"column":6},"end":{"line":46,"column":37}},"18":{"start":{"line":47,"column":6},"end":{"line":51,"column":9}},"19":{"start":{"line":48,"column":22},"end":{"line":48,"column":71}},"20":{"start":{"line":49,"column":8},"end":{"line":49,"column":55}},"21":{"start":{"line":50,"column":8},"end":{"line":50,"column":20}},"22":{"start":{"line":52,"column":26},"end":{"line":52,"column":56}},"23":{"start":{"line":53,"column":6},"end":{"line":53,"column":47}},"24":{"start":{"line":54,"column":6},"end":{"line":54,"column":41}},"25":{"start":{"line":55,"column":6},"end":{"line":59,"column":9}},"26":{"start":{"line":56,"column":22},"end":{"line":56,"column":71}},"27":{"start":{"line":57,"column":8},"end":{"line":57,"column":51}},"28":{"start":{"line":58,"column":8},"end":{"line":58,"column":22}},"29":{"start":{"line":60,"column":17},"end":{"line":60,"column":45}},"30":{"start":{"line":61,"column":19},"end":{"line":61,"column":48}},"31":{"start":{"line":62,"column":6},"end":{"line":62,"column":30}},"32":{"start":{"line":63,"column":6},"end":{"line":63,"column":36}},"33":{"start":{"line":64,"column":6},"end":{"line":64,"column":32}},"34":{"start":{"line":65,"column":6},"end":{"line":65,"column":79}},"35":{"start":{"line":66,"column":6},"end":{"line":72,"column":9}},"36":{"start":{"line":67,"column":8},"end":{"line":67,"column":28}},"37":{"start":{"line":68,"column":8},"end":{"line":68,"column":27}},"38":{"start":{"line":69,"column":22},"end":{"line":69,"column":78}},"39":{"start":{"line":70,"column":8},"end":{"line":70,"column":31}},"40":{"start":{"line":71,"column":8},"end":{"line":71,"column":22}},"41":{"start":{"line":73,"column":6},"end":{"line":73,"column":28}},"42":{"start":{"line":74,"column":6},"end":{"line":74,"column":34}},"43":{"start":{"line":75,"column":6},"end":{"line":75,"column":27}},"44":{"start":{"line":76,"column":6},"end":{"line":76,"column":52}},"45":{"start":{"line":77,"column":6},"end":{"line":77,"column":55}},"46":{"start":{"line":78,"column":6},"end":{"line":78,"column":27}},"47":{"start":{"line":83,"column":4},"end":{"line":83,"column":62}},"48":{"start":{"line":83,"column":45},"end":{"line":83,"column":60}},"49":{"start":{"line":84,"column":4},"end":{"line":84,"column":23}},"50":{"start":{"line":85,"column":4},"end":{"line":85,"column":16}},"51":{"start":{"line":86,"column":4},"end":{"line":86,"column":18}},"52":{"start":{"line":90,"column":4},"end":{"line":95,"column":7}},"53":{"start":{"line":91,"column":6},"end":{"line":91,"column":25}},"54":{"start":{"line":92,"column":6},"end":{"line":92,"column":32}},"55":{"start":{"line":93,"column":6},"end":{"line":93,"column":23}},"56":{"start":{"line":94,"column":6},"end":{"line":94,"column":20}},"57":{"start":{"line":97,"column":4},"end":{"line":97,"column":35}},"58":{"start":{"line":101,"column":4},"end":{"line":101,"column":22}},"59":{"start":{"line":102,"column":4},"end":{"line":102,"column":18}}},"fnMap":{"0":{"name":"(anonymous_0)","decl":{"start":{"line":5,"column":2},"end":{"line":5,"column":3}},"loc":{"start":{"line":5,"column":16},"end":{"line":7,"column":3}},"line":5},"1":{"name":"(anonymous_1)","decl":{"start":{"line":9,"column":2},"end":{"line":9,"column":3}},"loc":{"start":{"line":9,"column":27},"end":{"line":17,"column":3}},"line":9},"2":{"name":"(anonymous_2)","decl":{"start":{"line":19,"column":2},"end":{"line":19,"column":3}},"loc":{"start":{"line":19,"column":20},"end":{"line":23,"column":3}},"line":19},"3":{"name":"(anonymous_3)","decl":{"start":{"line":25,"column":2},"end":{"line":25,"column":3}},"loc":{"start":{"line":25,"column":34},"end":{"line":28,"column":3}},"line":25},"4":{"name":"(anonymous_4)","decl":{"start":{"line":30,"column":2},"end":{"line":30,"column":3}},"loc":{"start":{"line":30,"column":16},"end":{"line":35,"column":3}},"line":30},"5":{"name":"(anonymous_5)","decl":{"start":{"line":31,"column":23},"end":{"line":31,"column":24}},"loc":{"start":{"line":31,"column":40},"end":{"line":33,"column":5}},"line":31},"6":{"name":"(anonymous_6)","decl":{"start":{"line":37,"column":2},"end":{"line":37,"column":3}},"loc":{"start":{"line":37,"column":9},"end":{"line":39,"column":3}},"line":37},"7":{"name":"(anonymous_7)","decl":{"start":{"line":41,"column":2},"end":{"line":41,"column":3}},"loc":{"start":{"line":41,"column":11},"end":{"line":80,"column":3}},"line":41},"8":{"name":"(anonymous_8)","decl":{"start":{"line":43,"column":23},"end":{"line":43,"column":24}},"loc":{"start":{"line":43,"column":33},"end":{"line":79,"column":5}},"line":43},"9":{"name":"(anonymous_9)","decl":{"start":{"line":47,"column":39},"end":{"line":47,"column":40}},"loc":{"start":{"line":47,"column":46},"end":{"line":51,"column":7}},"line":47},"10":{"name":"(anonymous_10)","decl":{"start":{"line":55,"column":43},"end":{"line":55,"column":44}},"loc":{"start":{"line":55,"column":50},"end":{"line":59,"column":7}},"line":55},"11":{"name":"(anonymous_11)","decl":{"start":{"line":66,"column":37},"end":{"line":66,"column":38}},"loc":{"start":{"line":66,"column":44},"end":{"line":72,"column":7}},"line":66},"12":{"name":"(anonymous_12)","decl":{"start":{"line":82,"column":2},"end":{"line":82,"column":3}},"loc":{"start":{"line":82,"column":19},"end":{"line":87,"column":3}},"line":82},"13":{"name":"(anonymous_13)","decl":{"start":{"line":83,"column":35},"end":{"line":83,"column":36}},"loc":{"start":{"line":83,"column":45},"end":{"line":83,"column":60}},"line":83},"14":{"name":"(anonymous_14)","decl":{"start":{"line":89,"column":2},"end":{"line":89,"column":3}},"loc":{"start":{"line":89,"column":15},"end":{"line":98,"column":3}},"line":89},"15":{"name":"(anonymous_15)","decl":{"start":{"line":90,"column":36},"end":{"line":90,"column":37}},"loc":{"start":{"line":90,"column":43},"end":{"line":95,"column":5}},"line":90},"16":{"name":"(anonymous_16)","decl":{"start":{"line":100,"column":2},"end":{"line":100,"column":3}},"loc":{"start":{"line":100,"column":9},"end":{"line":103,"column":3}},"line":100}},"branchMap":{"0":{"loc":{"start":{"line":6,"column":17},"end":{"line":6,"column":64}},"type":"binary-expr","locations":[{"start":{"line":6,"column":17},"end":{"line":6,"column":58}},{"start":{"line":6,"column":62},"end":{"line":6,"column":64}}],"line":6}},"s":{"0":2,"1":3,"2":3,"3":3,"4":1,"5":1,"6":1,"7":0,"8":0,"9":4,"10":2,"11":4,"12":4,"13":0,"14":0,"15":0,"16":0,"17":0,"18":0,"19":0,"20":0,"21":0,"22":0,"23":0,"24":0,"25":0,"26":0,"27":0,"28":0,"29":0,"30":0,"31":0,"32":0,"33":0,"34":0,"35":0,"36":0,"37":0,"38":0,"39":0,"40":0,"41":0,"42":0,"43":0,"44":0,"45":0,"46":0,"47":0,"48":0,"49":0,"50":0,"51":0,"52":0,"53":0,"54":0,"55":0,"56":0,"57":0,"58":0,"59":0},"f":{"0":2,"1":3,"2":1,"3":0,"4":4,"5":2,"6":4,"7":0,"8":0,"9":0,"10":0,"11":0,"12":0,"13":0,"14":0,"15":0,"16":0},"b":{"0":[2,2]},"_coverageSchema":"1a1c01bbd47fc00a2c39e90264f33305004495a9","hash":"b54a06bf9c36139cbb9f9b1ec3a865cf55e6bf41"}
}
